\BOOKMARK [0][-]{chapter.1}{\376\377\230\171\166\356\116\313\176\315}{}% 1
\BOOKMARK [1][-]{section.1.1}{\376\377\163\257\130\203\121\306\131\007}{chapter.1}% 2
\BOOKMARK [1][-]{section.1.2}{\376\377\177\026\213\321\000N\000J\000U\000-\000O\000S\121\205\150\070}{chapter.1}% 3
\BOOKMARK [0][-]{chapter.2}{\376\377\000l\000a\000b\0001}{}% 4
\BOOKMARK [1][-]{section.2.1}{\376\377\133\236\232\214\166\356\166\204}{chapter.2}% 5
\BOOKMARK [1][-]{section.2.2}{\376\377\133\236\232\214\121\205\133\271}{chapter.2}% 6
\BOOKMARK [1][-]{section.2.3}{\376\377\133\236\232\214\217\307\172\013}{chapter.2}% 7
\BOOKMARK [2][-]{subsection.2.3.1}{\376\377\121\205\150\070\140\001\122\035\131\313\123\026}{section.2.3}% 8
\BOOKMARK [3][-]{subsubsection.2.3.1.1}{\376\377\000k\000i\000n\000i\000t\000\050\000\051}{subsection.2.3.1}% 9
\BOOKMARK [3][-]{subsubsection.2.3.1.2}{\376\377\000v\000m\000i\000n\000i\000t\000\050\000\051}{subsection.2.3.1}% 10
\BOOKMARK [3][-]{subsubsection.2.3.1.3}{\376\377\000t\000r\000a\000p\000i\000n\000i\000t\000\050\000\051}{subsection.2.3.1}% 11
\BOOKMARK [3][-]{subsubsection.2.3.1.4}{\376\377\000a\000p\000i\000c\000\137\000i\000n\000i\000t\000\050\000\051}{subsection.2.3.1}% 12
\BOOKMARK [3][-]{subsubsection.2.3.1.5}{\376\377\000e\000x\000t\000i\000o\000i\000\137\000i\000n\000i\000t\000\050\000\051}{subsection.2.3.1}% 13
\BOOKMARK [3][-]{subsubsection.2.3.1.6}{\376\377\000b\000i\000n\000i\000t\000\050\000\051}{subsection.2.3.1}% 14
\BOOKMARK [3][-]{subsubsection.2.3.1.7}{\376\377\000u\000s\000e\000r\000i\000n\000i\000t\000\050\000\051}{subsection.2.3.1}% 15
\BOOKMARK [2][-]{subsection.2.3.2}{\376\377\121\205\150\070\140\001\124\021\165\050\142\067\140\001\215\363\217\154}{section.2.3}% 16
\BOOKMARK [2][-]{subsection.2.3.3}{\376\377\165\050\142\067\140\001}{section.2.3}% 17
\BOOKMARK [3][-]{subsubsection.2.3.3.1}{\376\377\000p\000r\000i\000n\000t\000f}{subsection.2.3.3}% 18
\BOOKMARK [4][-]{paragraph.2.3.3.1.1}{\376\377\133\371\116\216\145\164\145\160\214\003\165\050\000p\000r\000i\000n\000t\000i\000n\000t\121\375\145\160\377\032}{subsubsection.2.3.3.1}% 19
\BOOKMARK [4][-]{paragraph.2.3.3.1.2}{\376\377\133\371\116\216\143\007\224\210\127\060\127\100\214\003\165\050\000p\000r\000i\000n\000t\000p\000t\000r\121\375\145\160\377\032}{subsubsection.2.3.3.1}% 20
\BOOKMARK [4][-]{paragraph.2.3.3.1.3}{\376\377\133\371\116\216\133\127\173\046\142\026\200\005\133\127\173\046\116\062\117\177\165\050\000v\000a\000\137\000a\000r\000g\000\050\000\051\377\014\161\066\124\016\000p\000u\000t\000c\217\223\121\372\060\002}{subsubsection.2.3.3.1}% 21
\BOOKMARK [3][-]{subsubsection.2.3.3.2}{\376\377\000m\000a\000i\000n}{subsection.2.3.3}% 22
\BOOKMARK [1][-]{section.2.4}{\376\377\133\236\232\214\176\323\147\234}{chapter.2}% 23
\BOOKMARK [0][-]{chapter.3}{\376\377\000l\000a\000b\0002}{}% 24
\BOOKMARK [1][-]{section.3.1}{\376\377\133\236\232\214\166\356\166\204}{chapter.3}% 25
\BOOKMARK [1][-]{section.3.2}{\376\377\133\236\232\214\121\205\133\271}{chapter.3}% 26
\BOOKMARK [1][-]{section.3.3}{\376\377\200\314\146\157\167\345\213\306}{chapter.3}% 27
\BOOKMARK [2][-]{subsection.3.3.1}{\376\377\217\333\172\013\116\016\176\277\172\013}{section.3.3}% 28
\BOOKMARK [2][-]{subsection.3.3.2}{\376\377\217\333\172\013\122\007\143\142\116\016\130\006\150\010\122\007\143\142}{section.3.3}% 29
\BOOKMARK [1][-]{section.3.4}{\376\377\133\236\232\214\217\307\172\013}{chapter.3}% 30
\BOOKMARK [2][-]{subsection.3.4.1}{\376\377\217\333\172\013}{section.3.4}% 31
\BOOKMARK [3][-]{subsubsection.3.4.1.1}{\376\377\000s\000y\000s\000\137\000f\000o\000r\000k}{subsection.3.4.1}% 32
\BOOKMARK [3][-]{subsubsection.3.4.1.2}{\376\377\000s\000y\000s\000\137\000s\000l\000e\000e\000p}{subsection.3.4.1}% 33
\BOOKMARK [3][-]{subsubsection.3.4.1.3}{\376\377\000s\000y\000s\000\137\000e\000x\000i\000t}{subsection.3.4.1}% 34
\BOOKMARK [2][-]{subsection.3.4.2}{\376\377\176\277\172\013}{section.3.4}% 35
\BOOKMARK [3][-]{subsubsection.3.4.2.1}{\376\377\000p\000t\000h\000r\000e\000a\000d\000\137\000c\000r\000e\000a\000t\000e}{subsection.3.4.2}% 36
\BOOKMARK [3][-]{subsubsection.3.4.2.2}{\376\377\000p\000t\000h\000r\000e\000a\000d\000\137\000y\000i\000e\000l\000d}{subsection.3.4.2}% 37
\BOOKMARK [3][-]{subsubsection.3.4.2.3}{\376\377\000p\000t\000h\000r\000e\000a\000d\000\137\000j\000o\000i\000n}{subsection.3.4.2}% 38
\BOOKMARK [3][-]{subsubsection.3.4.2.4}{\376\377\000p\000t\000h\000r\000e\000a\000d\000\137\000e\000x\000i\000t}{subsection.3.4.2}% 39
\BOOKMARK [3][-]{subsubsection.3.4.2.5}{\376\377\000m\000a\000i\000n}{subsection.3.4.2}% 40
\BOOKMARK [3][-]{subsubsection.3.4.2.6}{\376\377\000p\000t\000h\000r\000e\000a\000d\000t\000e\000s\000t}{subsection.3.4.2}% 41
\BOOKMARK [1][-]{section.3.5}{\376\377\133\236\232\214\176\323\147\234}{chapter.3}% 42
\BOOKMARK [0][-]{chapter.4}{\376\377\000l\000a\000b\0003}{}% 43
\BOOKMARK [1][-]{section.4.1}{\376\377\133\236\232\214\166\356\166\204}{chapter.4}% 44
\BOOKMARK [1][-]{section.4.2}{\376\377\133\236\232\214\121\205\133\271}{chapter.4}% 45
\BOOKMARK [1][-]{section.4.3}{\376\377\133\236\232\214\217\307\172\013}{chapter.4}% 46
\BOOKMARK [2][-]{subsection.4.3.1}{\376\377\121\205\150\070\140\001}{section.4.3}% 47
\BOOKMARK [2][-]{subsection.4.3.2}{\376\377\165\050\142\067\140\001}{section.4.3}% 48
\BOOKMARK [3][-]{subsubsection.4.3.2.1}{\376\377\145\260\130\236\174\373\176\337\214\003\165\050\153\145\232\244}{subsection.4.3.2}% 49
\BOOKMARK [4][-]{paragraph.4.3.2.1.1}{\376\377\130\236\122\240\165\050\142\067\121\145\123\343}{subsubsection.4.3.2.1}% 50
\BOOKMARK [4][-]{paragraph.4.3.2.1.2}{\376\377\130\236\122\240\174\373\176\337\214\003\165\050\123\367}{subsubsection.4.3.2.1}% 51
\BOOKMARK [4][-]{paragraph.4.3.2.1.3}{\376\377\117\356\145\071\000\040\000s\000y\000s\000c\000a\000l\000l\000.\000c\000\040\116\055\166\204\215\363\217\154\210\150}{subsubsection.4.3.2.1}% 52
\BOOKMARK [4][-]{paragraph.4.3.2.1.4}{\376\377\133\236\163\260\000\040\000s\000y\000s\000\137\000s\000e\000m\000i\000n\000i\000t\000\050\000\051}{subsubsection.4.3.2.1}% 53
\BOOKMARK [3][-]{subsubsection.4.3.2.2}{\376\377\000s\000y\000s\000\137\000s\000e\000m\000i\000n\000i\000t\000\040\174\373\176\337\214\003\165\050}{subsection.4.3.2}% 54
\BOOKMARK [3][-]{subsubsection.4.3.2.3}{\376\377\000s\000y\000s\000\137\000s\000e\000m\000p\000o\000s\000t\000\040\174\373\176\337\214\003\165\050}{subsection.4.3.2}% 55
\BOOKMARK [3][-]{subsubsection.4.3.2.4}{\376\377\000s\000y\000s\000\137\000s\000e\000m\000w\000a\000i\000t\000\040\174\373\176\337\214\003\165\050}{subsection.4.3.2}% 56
\BOOKMARK [3][-]{subsubsection.4.3.2.5}{\376\377\000s\000y\000s\000\137\000s\000e\000m\000d\000e\000s\000t\000r\000o\000y\000\040\174\373\176\337\214\003\165\050}{subsection.4.3.2}% 57
\BOOKMARK [2][-]{subsection.4.3.3}{\376\377\117\341\123\367\221\317\211\343\121\263\165\037\116\247\200\005\155\210\215\071\200\005\225\356\230\230}{section.4.3}% 58
\BOOKMARK [3][-]{subsubsection.4.3.3.1}{\376\377\000m\000a\000i\000n\000\040\121\375\145\160}{subsection.4.3.3}% 59
\BOOKMARK [3][-]{subsubsection.4.3.3.2}{\376\377\165\037\116\247\200\005\217\333\172\013}{subsection.4.3.3}% 60
\BOOKMARK [3][-]{subsubsection.4.3.3.3}{\376\377\155\210\215\071\200\005\217\333\172\013}{subsection.4.3.3}% 61
\BOOKMARK [1][-]{section.4.4}{\376\377\133\236\232\214\176\323\147\234}{chapter.4}% 62
